01:15:03.434 karate.env system property was:  
01:15:03.780 request:
1 > POST https://petstore.swagger.io/v2/pet/
1 > Accept-Encoding: gzip,deflate
1 > Connection: Keep-Alive
1 > Content-Length: 158
1 > Content-Type: application/json; charset=UTF-8
1 > Host: petstore.swagger.io
1 > User-Agent: Apache-HttpClient/4.5.12 (Java/13.0.2)
{"id":25,"category":{"id":25,"name":"Big Dog"},"name":"Dogo Argentino","photoUrls":["string"],"tags":[{"id":25,"name":"Dogo Argentino"}],"status":"available"}

01:15:04.660 response time in milliseconds: 879,59
1 < 200
1 < Access-Control-Allow-Headers: Content-Type, api_key, Authorization
1 < Access-Control-Allow-Methods: GET, POST, DELETE, PUT
1 < Access-Control-Allow-Origin: *
1 < Connection: keep-alive
1 < Content-Type: application/json
1 < Date: Fri, 26 Feb 2021 04:15:02 GMT
1 < Server: Jetty(9.2.9.v20150224)
1 < Transfer-Encoding: chunked
{"id":25,"category":{"id":25,"name":"Big Dog"},"name":"Dogo Argentino","photoUrls":["string"],"tags":[{"id":25,"name":"Dogo Argentino"}],"status":"available"}

01:15:04.676 [print] created id is:  25
01:15:04.678 [print] created name is:  Dogo Argentino
01:15:04.680 [print] created tag is:  {
  "name": "Big Dog",
  "id": 25
}

01:15:04.680 [print] created tag is:  [
  {
    "name": "Dogo Argentino",
    "id": 25
  }
]

01:15:04.682 [print] created status is:  available
01:15:04.683 request:
2 > GET https://petstore.swagger.io/v2/pet/25
2 > Accept-Encoding: gzip,deflate
2 > Connection: Keep-Alive
2 > Host: petstore.swagger.io
2 > User-Agent: Apache-HttpClient/4.5.12 (Java/13.0.2)

01:15:05.445 response time in milliseconds: 760,08
2 < 200
2 < Access-Control-Allow-Headers: Content-Type, api_key, Authorization
2 < Access-Control-Allow-Methods: GET, POST, DELETE, PUT
2 < Access-Control-Allow-Origin: *
2 < Connection: keep-alive
2 < Content-Type: application/json
2 < Date: Fri, 26 Feb 2021 04:15:02 GMT
2 < Server: Jetty(9.2.9.v20150224)
2 < Transfer-Encoding: chunked
{"id":25,"category":{"id":25,"name":"Big Dog"},"name":"Dogo Argentino","photoUrls":["string"],"tags":[{"id":25,"name":"Dogo Argentino"}],"status":"available"}

01:15:05.449 request:
3 > GET https://petstore.swagger.io/v2/pet/25
3 > Accept-Encoding: gzip,deflate
3 > Connection: Keep-Alive
3 > Host: petstore.swagger.io
3 > User-Agent: Apache-HttpClient/4.5.12 (Java/13.0.2)

01:15:06.171 response time in milliseconds: 720,64
3 < 200
3 < Access-Control-Allow-Headers: Content-Type, api_key, Authorization
3 < Access-Control-Allow-Methods: GET, POST, DELETE, PUT
3 < Access-Control-Allow-Origin: *
3 < Connection: keep-alive
3 < Content-Type: application/json
3 < Date: Fri, 26 Feb 2021 04:15:03 GMT
3 < Server: Jetty(9.2.9.v20150224)
3 < Transfer-Encoding: chunked
{"id":25,"category":{"id":25,"name":"Big Dog"},"name":"Dogo Argentino","photoUrls":["string"],"tags":[{"id":25,"name":"Dogo Argentino"}],"status":"available"}

01:15:06.182 karate.env system property was:  
01:15:06.184 request:
1 > POST https://petstore.swagger.io/v2/pet/
1 > Accept-Encoding: gzip,deflate
1 > Connection: Keep-Alive
1 > Content-Length: 150
1 > Content-Type: application/json; charset=UTF-8
1 > Host: petstore.swagger.io
1 > User-Agent: Apache-HttpClient/4.5.12 (Java/13.0.2)
{"id":26,"category":{"id":26,"name":"Big Dog"},"name":"Gran Danes","photoUrls":["string"],"tags":[{"id":26,"name":"Gran Danes"}],"status":"available"}

01:15:06.925 response time in milliseconds: 739,39
1 < 200
1 < Access-Control-Allow-Headers: Content-Type, api_key, Authorization
1 < Access-Control-Allow-Methods: GET, POST, DELETE, PUT
1 < Access-Control-Allow-Origin: *
1 < Connection: keep-alive
1 < Content-Type: application/json
1 < Date: Fri, 26 Feb 2021 04:15:04 GMT
1 < Server: Jetty(9.2.9.v20150224)
1 < Transfer-Encoding: chunked
{"id":26,"category":{"id":26,"name":"Big Dog"},"name":"Gran Danes","photoUrls":["string"],"tags":[{"id":26,"name":"Gran Danes"}],"status":"available"}

01:15:06.927 [print] created id is:  26
01:15:06.927 [print] created name is:  Gran Danes
01:15:06.927 [print] created tag is:  {
  "name": "Big Dog",
  "id": 26
}

01:15:06.927 [print] created tag is:  [
  {
    "name": "Gran Danes",
    "id": 26
  }
]

01:15:06.928 [print] created status is:  available
01:15:06.928 request:
2 > GET https://petstore.swagger.io/v2/pet/26
2 > Accept-Encoding: gzip,deflate
2 > Connection: Keep-Alive
2 > Host: petstore.swagger.io
2 > User-Agent: Apache-HttpClient/4.5.12 (Java/13.0.2)

01:15:07.686 response time in milliseconds: 756,41
2 < 200
2 < Access-Control-Allow-Headers: Content-Type, api_key, Authorization
2 < Access-Control-Allow-Methods: GET, POST, DELETE, PUT
2 < Access-Control-Allow-Origin: *
2 < Connection: keep-alive
2 < Content-Type: application/json
2 < Date: Fri, 26 Feb 2021 04:15:05 GMT
2 < Server: Jetty(9.2.9.v20150224)
2 < Transfer-Encoding: chunked
{"id":26,"category":{"id":26,"name":"Big Dog"},"name":"Gran Danes","photoUrls":["string"],"tags":[{"id":26,"name":"Gran Danes"}],"status":"available"}

01:15:07.689 request:
3 > GET https://petstore.swagger.io/v2/pet/26
3 > Accept-Encoding: gzip,deflate
3 > Connection: Keep-Alive
3 > Host: petstore.swagger.io
3 > User-Agent: Apache-HttpClient/4.5.12 (Java/13.0.2)

01:15:08.451 response time in milliseconds: 759,45
3 < 200
3 < Access-Control-Allow-Headers: Content-Type, api_key, Authorization
3 < Access-Control-Allow-Methods: GET, POST, DELETE, PUT
3 < Access-Control-Allow-Origin: *
3 < Connection: keep-alive
3 < Content-Type: application/json
3 < Date: Fri, 26 Feb 2021 04:15:05 GMT
3 < Server: Jetty(9.2.9.v20150224)
3 < Transfer-Encoding: chunked
{"id":26,"category":{"id":26,"name":"Big Dog"},"name":"Gran Danes","photoUrls":["string"],"tags":[{"id":26,"name":"Gran Danes"}],"status":"available"}

01:15:08.461 karate.env system property was:  
01:15:08.464 request:
1 > GET https://petstore.swagger.io/v2/pet/26
1 > Accept-Encoding: gzip,deflate
1 > Connection: Keep-Alive
1 > Host: petstore.swagger.io
1 > User-Agent: Apache-HttpClient/4.5.12 (Java/13.0.2)

01:15:09.212 response time in milliseconds: 746,46
1 < 200
1 < Access-Control-Allow-Headers: Content-Type, api_key, Authorization
1 < Access-Control-Allow-Methods: GET, POST, DELETE, PUT
1 < Access-Control-Allow-Origin: *
1 < Connection: keep-alive
1 < Content-Type: application/json
1 < Date: Fri, 26 Feb 2021 04:15:06 GMT
1 < Server: Jetty(9.2.9.v20150224)
1 < Transfer-Encoding: chunked
{"id":26,"category":{"id":26,"name":"Big Dog"},"name":"Gran Danes","photoUrls":["string"],"tags":[{"id":26,"name":"Gran Danes"}],"status":"available"}

01:15:09.214 request:
2 > GET https://petstore.swagger.io/v2/pet/26
2 > Accept-Encoding: gzip,deflate
2 > Connection: Keep-Alive
2 > Host: petstore.swagger.io
2 > User-Agent: Apache-HttpClient/4.5.12 (Java/13.0.2)

01:15:09.942 response time in milliseconds: 727,19
2 < 200
2 < Access-Control-Allow-Headers: Content-Type, api_key, Authorization
2 < Access-Control-Allow-Methods: GET, POST, DELETE, PUT
2 < Access-Control-Allow-Origin: *
2 < Connection: keep-alive
2 < Content-Type: application/json
2 < Date: Fri, 26 Feb 2021 04:15:07 GMT
2 < Server: Jetty(9.2.9.v20150224)
2 < Transfer-Encoding: chunked
{"id":26,"category":{"id":26,"name":"Big Dog"},"name":"Gran Danes","photoUrls":["string"],"tags":[{"id":26,"name":"Gran Danes"}],"status":"available"}

01:15:09.945 [print] created id is:  26
01:15:09.945 [print] created name is:  Gran Danes
01:15:09.945 [print] created tag is:  {
  "name": "Big Dog",
  "id": 26
}

01:15:09.945 [print] created tag is:  [
  {
    "name": "Gran Danes",
    "id": 26
  }
]

01:15:09.946 [print] created status is:  available
01:15:09.955 karate.env system property was:  
01:15:09.956 request:
1 > PUT https://petstore.swagger.io/v2/pet/
1 > Accept-Encoding: gzip,deflate
1 > Connection: Keep-Alive
1 > Content-Length: 145
1 > Content-Type: application/json; charset=UTF-8
1 > Host: petstore.swagger.io
1 > User-Agent: Apache-HttpClient/4.5.12 (Java/13.0.2)
{"id":26,"category":{"id":26,"name":"small dog"},"name":"Pomerania","photoUrls":["string"],"tags":[{"id":26,"name":"Pomerania"}],"status":"sold"}

01:15:10.781 response time in milliseconds: 822,30
1 < 200
1 < Access-Control-Allow-Headers: Content-Type, api_key, Authorization
1 < Access-Control-Allow-Methods: GET, POST, DELETE, PUT
1 < Access-Control-Allow-Origin: *
1 < Connection: keep-alive
1 < Content-Type: application/json
1 < Date: Fri, 26 Feb 2021 04:15:08 GMT
1 < Server: Jetty(9.2.9.v20150224)
1 < Transfer-Encoding: chunked
{"id":26,"category":{"id":26,"name":"small dog"},"name":"Pomerania","photoUrls":["string"],"tags":[{"id":26,"name":"Pomerania"}],"status":"sold"}

01:15:10.785 [print] created id is:  26
01:15:10.785 [print] created name is:  Pomerania
01:15:10.785 [print] created tag is:  {
  "name": "small dog",
  "id": 26
}

01:15:10.786 [print] created tag is:  [
  {
    "name": "Pomerania",
    "id": 26
  }
]

01:15:10.786 [print] created status is:  sold
01:15:10.787 request:
2 > GET https://petstore.swagger.io/v2/pet/26
2 > Accept-Encoding: gzip,deflate
2 > Connection: Keep-Alive
2 > Host: petstore.swagger.io
2 > User-Agent: Apache-HttpClient/4.5.12 (Java/13.0.2)

01:15:11.556 response time in milliseconds: 768,17
2 < 200
2 < Access-Control-Allow-Headers: Content-Type, api_key, Authorization
2 < Access-Control-Allow-Methods: GET, POST, DELETE, PUT
2 < Access-Control-Allow-Origin: *
2 < Connection: keep-alive
2 < Content-Type: application/json
2 < Date: Fri, 26 Feb 2021 04:15:08 GMT
2 < Server: Jetty(9.2.9.v20150224)
2 < Transfer-Encoding: chunked
{"id":26,"category":{"id":26,"name":"small dog"},"name":"Pomerania","photoUrls":["string"],"tags":[{"id":26,"name":"Pomerania"}],"status":"sold"}

01:15:11.559 request:
3 > GET https://petstore.swagger.io/v2/pet/26
3 > Accept-Encoding: gzip,deflate
3 > Connection: Keep-Alive
3 > Host: petstore.swagger.io
3 > User-Agent: Apache-HttpClient/4.5.12 (Java/13.0.2)

01:15:12.308 response time in milliseconds: 747,17
3 < 200
3 < Access-Control-Allow-Headers: Content-Type, api_key, Authorization
3 < Access-Control-Allow-Methods: GET, POST, DELETE, PUT
3 < Access-Control-Allow-Origin: *
3 < Connection: keep-alive
3 < Content-Type: application/json
3 < Date: Fri, 26 Feb 2021 04:15:09 GMT
3 < Server: Jetty(9.2.9.v20150224)
3 < Transfer-Encoding: chunked
{"id":26,"category":{"id":26,"name":"small dog"},"name":"Pomerania","photoUrls":["string"],"tags":[{"id":26,"name":"Pomerania"}],"status":"sold"}


to":"cf-nel","max_age":604800}
1 < Pragma: no-cache
1 < Report-To: {"group":"cf-nel","max_age":604800,"endpoints":[{"url":"https:\/\/a.nel.cloudflare.com\/report?s=%2FEq43iht7fRHp644%2FOQIWQardBNcDBaHITxVZLCcJJGnsQfWNxJ4uJyJW96hIh%2Fr%2BBpG7opFPaZ8jxCeCw%2BNFgHYVDFkVgcZZx87hP0%2FtswnKvuinTamH6kXntRq"}]}
1 < Server: cloudflare
1 < Set-Cookie: __cfduid=d41374642b873ec47f2fe6c83699278351614298352; expires=Sun, 28-Mar-21 00:12:32 GMT; path=/; domain=.typicode.com; HttpOnly; SameSite=Lax
1 < Vary: Origin, X-HTTP-Method-Override, Accept-Encoding
1 < Via: 1.1 vegur
1 < X-Content-Type-Options: nosniff
1 < X-Powered-By: Express
1 < X-Ratelimit-Limit: 1000
1 < X-Ratelimit-Remaining: 998
1 < X-Ratelimit-Reset: 1614298354
1 < alt-svc: h3-27=":443"; ma=86400, h3-28=":443"; ma=86400, h3-29=":443"; ma=86400
1 < cf-request-id: 087d47229a0000d7e9baadf000000001
{
  "name": "Test User",
  "username": "testuser",
  "email": "test@user.com",
  "address": {
    "street": "Has No Name",
    "suite": "Apt. 123",
    "city": "Electri",
    "zipcode": "54321-6789"
  },
  "id": 11
}

21:12:34.378 [print] created id is:  11
