23:17:39.699 karate.env system property was:  
23:17:40.039 request:
1 > POST https://petstore.swagger.io/v2/pet/
1 > Accept-Encoding: gzip,deflate
1 > Connection: Keep-Alive
1 > Content-Length: 158
1 > Content-Type: application/json; charset=UTF-8
1 > Host: petstore.swagger.io
1 > User-Agent: Apache-HttpClient/4.5.12 (Java/13.0.2)
{"id":25,"category":{"id":25,"name":"Big Dog"},"name":"Dogo Argentino","photoUrls":["string"],"tags":[{"id":25,"name":"Dogo Argentino"}],"status":"available"}

23:17:40.944 response time in milliseconds: 915,45
1 < 200
1 < Access-Control-Allow-Headers: Content-Type, api_key, Authorization
1 < Access-Control-Allow-Methods: GET, POST, DELETE, PUT
1 < Access-Control-Allow-Origin: *
1 < Connection: keep-alive
1 < Content-Type: application/json
1 < Date: Fri, 26 Feb 2021 02:17:38 GMT
1 < Server: Jetty(9.2.9.v20150224)
1 < Transfer-Encoding: chunked
{"id":25,"category":{"id":25,"name":"Big Dog"},"name":"Dogo Argentino","photoUrls":["string"],"tags":[{"id":25,"name":"Dogo Argentino"}],"status":"available"}

23:17:40.975 [print] created id is:  25
23:17:40.975 [print] created name is:  Dogo Argentino
23:17:40.975 [print] created tag is:  {
  "name": "Big Dog",
  "id": 25
}

23:17:40.975 [print] created tag is:  [
  {
    "name": "Dogo Argentino",
    "id": 25
  }
]

23:17:40.975 [print] created status is:  available
23:17:40.990 request:
2 > GET https://petstore.swagger.io/v2/pet/25
2 > Accept-Encoding: gzip,deflate
2 > Connection: Keep-Alive
2 > Host: petstore.swagger.io
2 > User-Agent: Apache-HttpClient/4.5.12 (Java/13.0.2)

23:17:41.732 response time in milliseconds: 740,56
2 < 200
2 < Access-Control-Allow-Headers: Content-Type, api_key, Authorization
2 < Access-Control-Allow-Methods: GET, POST, DELETE, PUT
2 < Access-Control-Allow-Origin: *
2 < Connection: keep-alive
2 < Content-Type: application/json
2 < Date: Fri, 26 Feb 2021 02:17:39 GMT
2 < Server: Jetty(9.2.9.v20150224)
2 < Transfer-Encoding: chunked
{"id":25,"category":{"id":25,"name":"Big Dog"},"name":"Dogo Argentino","photoUrls":["string"],"tags":[{"id":25,"name":"Dogo Argentino"}],"status":"available"}

23:17:41.732 request:
3 > GET https://petstore.swagger.io/v2/pet/25
3 > Accept-Encoding: gzip,deflate
3 > Connection: Keep-Alive
3 > Host: petstore.swagger.io
3 > User-Agent: Apache-HttpClient/4.5.12 (Java/13.0.2)

23:17:42.448 response time in milliseconds: 703,10
3 < 200
3 < Access-Control-Allow-Headers: Content-Type, api_key, Authorization
3 < Access-Control-Allow-Methods: GET, POST, DELETE, PUT
3 < Access-Control-Allow-Origin: *
3 < Connection: keep-alive
3 < Content-Type: application/json
3 < Date: Fri, 26 Feb 2021 02:17:40 GMT
3 < Server: Jetty(9.2.9.v20150224)
3 < Transfer-Encoding: chunked
{"id":25,"category":{"id":25,"name":"Big Dog"},"name":"Dogo Argentino","photoUrls":["string"],"tags":[{"id":25,"name":"Dogo Argentino"}],"status":"available"}

23:17:42.465 karate.env system property was:  
23:17:42.468 request:
1 > GET https://petstore.swagger.io/v2/pet/15
1 > Accept-Encoding: gzip,deflate
1 > Connection: Keep-Alive
1 > Host: petstore.swagger.io
1 > User-Agent: Apache-HttpClient/4.5.12 (Java/13.0.2)

23:17:43.171 response time in milliseconds: 703,02
1 < 200
1 < Access-Control-Allow-Headers: Content-Type, api_key, Authorization
1 < Access-Control-Allow-Methods: GET, POST, DELETE, PUT
1 < Access-Control-Allow-Origin: *
1 < Connection: keep-alive
1 < Content-Type: application/json
1 < Date: Fri, 26 Feb 2021 02:17:40 GMT
1 < Server: Jetty(9.2.9.v20150224)
1 < Transfer-Encoding: chunked
{"id":15,"category":{"id":15,"name":"Big Dog"},"name":"Dogo Argentino","photoUrls":["string"],"tags":[{"id":15,"name":"Dogo Argentino"}],"status":"available"}

23:17:43.173 request:
2 > GET https://petstore.swagger.io/v2/pet/15
2 > Accept-Encoding: gzip,deflate
2 > Connection: Keep-Alive
2 > Host: petstore.swagger.io
2 > User-Agent: Apache-HttpClient/4.5.12 (Java/13.0.2)

23:17:44.618 response time in milliseconds: 736,41
2 < 200
2 < Access-Control-Allow-Headers: Content-Type, api_key, Authorization
2 < Access-Control-Allow-Methods: GET, POST, DELETE, PUT
2 < Access-Control-Allow-Origin: *
2 < Connection: keep-alive
2 < Content-Type: application/json
2 < Date: Fri, 26 Feb 2021 02:17:41 GMT
2 < Server: Jetty(9.2.9.v20150224)
2 < Transfer-Encoding: chunked
{"id":15,"category":{"id":15,"name":"Big Dog"},"name":"Dogo Argentino","photoUrls":["string"],"tags":[{"id":15,"name":"Dogo Argentino"}],"status":"available"}

23:17:44.623 karate.env system property was:  
